#
# There is insufficient memory for the Java Runtime Environment to continue.
# Native memory allocation (malloc) failed to allocate 1317456 bytes for Chunk::new
# Possible reasons:
#   The system is out of physical RAM or swap space
#   The process is running with CompressedOops enabled, and the Java Heap may be blocking the growth of the native heap
# Possible solutions:
#   Reduce memory load on the system
#   Increase physical memory or swap space
#   Check if swap backing store is full
#   Decrease Java heap size (-Xmx/-Xms)
#   Decrease number of Java threads
#   Decrease Java thread stack sizes (-Xss)
#   Set larger code cache with -XX:ReservedCodeCacheSize=
#   JVM is running with Unscaled Compressed Oops mode in which the Java heap is
#     placed in the first 4GB address space. The Java Heap base address is the
#     maximum limit for the native heap growth. Please use -XX:HeapBaseMinAddress
#     to set the Java Heap base and to place the Java Heap above 4GB virtual address.
# This output file may be truncated or incomplete.
#
#  Out of Memory Error (allocation.cpp:389), pid=7692, tid=0x0000000000002fec
#
# JRE version: OpenJDK Runtime Environment (8.0_242-b01) (build 1.8.0_242-release-1644-b01)
# Java VM: OpenJDK 64-Bit Server VM (25.242-b01 mixed mode windows-amd64 compressed oops)
# Failed to write core dump. Minidumps are not enabled by default on client versions of Windows
#

---------------  T H R E A D  ---------------

Current thread (0x00000000168bc000):  JavaThread "C2 CompilerThread1" daemon [_thread_in_native, id=12268, stack(0x0000000019080000,0x0000000019180000)]

Stack: [0x0000000019080000,0x0000000019180000]
[error occurred during error reporting (printing stack bounds), id 0xc0000005]

Native frames: (J=compiled Java code, j=interpreted, Vv=VM code, C=native code)


Current CompileTask:
C2:   2110 1584   !   4       java.net.URLClassLoader$1::run (63 bytes)


---------------  P R O C E S S  ---------------

Java Threads: ( => current thread )
  0x000000001b77b000 JavaThread "Cache worker for journal cache (C:\Users\swdev14\.gradle\caches\journal-1)" [_thread_blocked, id=10296, stack(0x000000001e590000,0x000000001e690000)]
  0x000000001b779000 JavaThread "File lock request listener" [_thread_in_native, id=9296, stack(0x000000001d4c0000,0x000000001d5c0000)]
  0x000000001b7f3000 JavaThread "Cache worker for file hash cache (C:\Users\swdev14\.gradle\caches\6.7.1\fileHashes)" [_thread_blocked, id=6960, stack(0x000000001d3c0000,0x000000001d4c0000)]
  0x000000001b647800 JavaThread "Thread-9" [_thread_blocked, id=15420, stack(0x000000001d0c0000,0x000000001d1c0000)]
  0x000000001b64c800 JavaThread "Stdin handler" [_thread_blocked, id=11992, stack(0x000000001cfc0000,0x000000001d0c0000)]
  0x000000001b5f5800 JavaThread "Asynchronous log dispatcher for DefaultDaemonConnection: socket connection from /127.0.0.1:57401 to /127.0.0.1:57402" [_thread_blocked, id=9012, stack(0x000000001cec0000,0x000000001cfc0000)]
  0x000000001b615800 JavaThread "Daemon worker" [_thread_in_native, id=6192, stack(0x000000001cdc0000,0x000000001cec0000)]
  0x000000001b5e3000 JavaThread "Cancel handler" [_thread_blocked, id=5868, stack(0x000000001ccc0000,0x000000001cdc0000)]
  0x000000001b5d5800 JavaThread "Handler for socket connection from /127.0.0.1:57401 to /127.0.0.1:57402" [_thread_in_native, id=11640, stack(0x000000001cbc0000,0x000000001ccc0000)]
  0x000000001b5b9800 JavaThread "Daemon" [_thread_blocked, id=4696, stack(0x000000001c8c0000,0x000000001c9c0000)]
  0x000000001b5af800 JavaThread "Daemon periodic checks" [_thread_blocked, id=10016, stack(0x000000001c7c0000,0x000000001c8c0000)]
  0x000000001b566000 JavaThread "Incoming local TCP Connector on port 57401" [_thread_in_native, id=7868, stack(0x000000001c580000,0x000000001c680000)]
  0x000000001b48d800 JavaThread "Daemon health stats" [_thread_blocked, id=9196, stack(0x000000001ad50000,0x000000001ae50000)]
  0x0000000018747000 JavaThread "Service Thread" daemon [_thread_blocked, id=4072, stack(0x0000000019380000,0x0000000019480000)]
  0x00000000186c2000 JavaThread "C1 CompilerThread3" daemon [_thread_blocked, id=10028, stack(0x0000000019280000,0x0000000019380000)]
  0x00000000186be800 JavaThread "C2 CompilerThread2" daemon [_thread_in_native, id=4356, stack(0x0000000019180000,0x0000000019280000)]
=>0x00000000168bc000 JavaThread "C2 CompilerThread1" daemon [_thread_in_native, id=12268, stack(0x0000000019080000,0x0000000019180000)]
  0x00000000168b8000 JavaThread "C2 CompilerThread0" daemon [_thread_blocked, id=3936, stack(0x0000000018f80000,0x0000000019080000)]
  0x00000000186b3000 JavaThread "Attach Listener" daemon [_thread_blocked, id=11000, stack(0x0000000018e80000,0x0000000018f80000)]
  0x00000000186b6800 JavaThread "Signal Dispatcher" daemon [_thread_blocked, id=17996, stack(0x0000000018d80000,0x0000000018e80000)]
  0x0000000002aed800 JavaThread "Finalizer" daemon [_thread_blocked, id=7272, stack(0x0000000018b80000,0x0000000018c80000)]
  0x00000000168ac800 JavaThread "Reference Handler" daemon [_thread_blocked, id=3960, stack(0x0000000018a80000,0x0000000018b80000)]
  0x00000000029de000 JavaThread "main" [_thread_blocked, id=9600, stack(0x0000000002890000,0x0000000002990000)]

Other Threads:
  0x00000000168a8000 VMThread [stack: 0x0000000018580000,0x0000000018680000] [id=876]
  0x0000000018702800 WatcherThread [stack: 0x0000000019480000,0x0000000019580000] [id=8468]

VM state:not at safepoint (normal execution)

VM Mutex/Monitor currently owned by a thread: None

heap address: 0x00000000a0000000, size: 1536 MB, Compressed Oops mode: 32-bit
Narrow klass base: 0x0000000000000000, Narrow klass shift: 3
Compressed class space size: 1073741824 Address: 0x0000000100000000

Heap:
 PSYoungGen      total 71680K, used 47016K [0x00000000e0000000, 0x00000000e4b00000, 0x0000000100000000)
  eden space 66560K, 62% used [0x00000000e0000000,0x00000000e28f2228,0x00000000e4100000)
  from space 5120K, 99% used [0x00000000e4100000,0x00000000e45f8040,0x00000000e4600000)
  to   space 5120K, 0% used [0x00000000e4600000,0x00000000e4600000,0x00000000e4b00000)
 ParOldGen       total 87552K, used 4115K [0x00000000a0000000, 0x00000000a5580000, 0x00000000e0000000)
  object space 87552K, 4% used [0x00000000a0000000,0x00000000a0404d50,0x00000000a5580000)
 Metaspace       used 17065K, capacity 17758K, committed 18048K, reserved 1064960K
  class space    used 2421K, capacity 2633K, committed 2688K, reserved 1048576K

Card table byte_map: [0x0000000011eb0000,0x00000000121c0000] byte_map_base: 0x00000000119b0000

Marking Bits: (ParMarkBitMap*) 0x000000005b04f030
 Begin Bits: [0x0000000012bc0000, 0x00000000143c0000)
 End Bits:   [0x00000000143c0000, 0x0000000015bc0000)

Polling page: 0x0000000000b80000

CodeCache: size=245760Kb used=5613Kb max_used=5613Kb free=240146Kb
 bounds [0x0000000002af0000, 0x0000000003080000, 0x0000000011af0000]
 total_blobs=2012 nmethods=1615 adapters=310
 compilation: enabled

Compilation events (10 events):
Event: 1.996 Thread 0x00000000186c2000 1606       3       org.gradle.internal.service.AbstractServiceMethod::<init> (42 bytes)
Event: 1.997 Thread 0x00000000186c2000 nmethod 1606 0x000000000305d3d0 code [0x000000000305d640, 0x000000000305e928]
Event: 1.998 Thread 0x00000000186c2000 1609       3       sun.reflect.generics.parser.SignatureParser::parsePackageNameAndSimpleClassTypeSignature (139 bytes)
Event: 2.000 Thread 0x00000000186c2000 nmethod 1609 0x000000000305f490 code [0x000000000305f7e0, 0x00000000030611a8]
Event: 2.000 Thread 0x00000000186c2000 1608       3       sun.reflect.generics.parser.SignatureParser::parseClassTypeSignature (118 bytes)
Event: 2.001 Thread 0x00000000186c2000 nmethod 1608 0x0000000003061fd0 code [0x0000000003062380, 0x0000000003063e48]
Event: 2.004 Thread 0x00000000186c2000 1610       3       sun.reflect.generics.parser.SignatureParser::parseFieldTypeSignature (6 bytes)
Event: 2.004 Thread 0x00000000186c2000 nmethod 1610 0x0000000003049a50 code [0x0000000003049bc0, 0x0000000003049d48]
Event: 2.004 Thread 0x00000000186c2000 1611       3       sun.reflect.generics.parser.SignatureParser::parseFieldTypeSignature (73 bytes)
Event: 2.004 Thread 0x00000000186c2000 nmethod 1611 0x0000000003064e50 code [0x0000000003065040, 0x00000000030654f8]

GC Heap History (6 events):
Event: 0.517 GC heap before
{Heap before GC invocations=1 (full 0):
 PSYoungGen      total 38400K, used 33280K [0x00000000e0000000, 0x00000000e2a80000, 0x0000000100000000)
  eden space 33280K, 100% used [0x00000000e0000000,0x00000000e2080000,0x00000000e2080000)
  from space 5120K, 0% used [0x00000000e2580000,0x00000000e2580000,0x00000000e2a80000)
  to   space 5120K, 0% used [0x00000000e2080000,0x00000000e2080000,0x00000000e2580000)
 ParOldGen       total 87552K, used 0K [0x00000000a0000000, 0x00000000a5580000, 0x00000000e0000000)
  object space 87552K, 0% used [0x00000000a0000000,0x00000000a0000000,0x00000000a5580000)
 Metaspace       used 7512K, capacity 7774K, committed 8064K, reserved 1056768K
  class space    used 928K, capacity 1037K, committed 1152K, reserved 1048576K
Event: 0.524 GC heap after
Heap after GC invocations=1 (full 0):
 PSYoungGen      total 38400K, used 4577K [0x00000000e0000000, 0x00000000e4b00000, 0x0000000100000000)
  eden space 33280K, 0% used [0x00000000e0000000,0x00000000e0000000,0x00000000e2080000)
  from space 5120K, 89% used [0x00000000e2080000,0x00000000e24f87e0,0x00000000e2580000)
  to   space 5120K, 0% used [0x00000000e4600000,0x00000000e4600000,0x00000000e4b00000)
 ParOldGen       total 87552K, used 16K [0x00000000a0000000, 0x00000000a5580000, 0x00000000e0000000)
  object space 87552K, 0% used [0x00000000a0000000,0x00000000a0004000,0x00000000a5580000)
 Metaspace       used 7512K, capacity 7774K, committed 8064K, reserved 1056768K
  class space    used 928K, capacity 1037K, committed 1152K, reserved 1048576K
}
Event: 0.727 GC heap before
{Heap before GC invocations=2 (full 0):
 PSYoungGen      total 38400K, used 37857K [0x00000000e0000000, 0x00000000e4b00000, 0x0000000100000000)
  eden space 33280K, 100% used [0x00000000e0000000,0x00000000e2080000,0x00000000e2080000)
  from space 5120K, 89% used [0x00000000e2080000,0x00000000e24f87e0,0x00000000e2580000)
  to   space 5120K, 0% used [0x00000000e4600000,0x00000000e4600000,0x00000000e4b00000)
 ParOldGen       total 87552K, used 16K [0x00000000a0000000, 0x00000000a5580000, 0x00000000e0000000)
  object space 87552K, 0% used [0x00000000a0000000,0x00000000a0004000,0x00000000a5580000)
 Metaspace       used 7689K, capacity 7966K, committed 8320K, reserved 1056768K
  class space    used 937K, capacity 1037K, committed 1152K, reserved 1048576K
Event: 0.731 GC heap after
Heap after GC invocations=2 (full 0):
 PSYoungGen      total 71680K, used 3505K [0x00000000e0000000, 0x00000000e4b00000, 0x0000000100000000)
  eden space 66560K, 0% used [0x00000000e0000000,0x00000000e0000000,0x00000000e4100000)
  from space 5120K, 68% used [0x00000000e4600000,0x00000000e496c5f8,0x00000000e4b00000)
  to   space 5120K, 0% used [0x00000000e4100000,0x00000000e4100000,0x00000000e4600000)
 ParOldGen       total 87552K, used 24K [0x00000000a0000000, 0x00000000a5580000, 0x00000000e0000000)
  object space 87552K, 0% used [0x00000000a0000000,0x00000000a0006000,0x00000000a5580000)
 Metaspace       used 7689K, capacity 7966K, committed 8320K, reserved 1056768K
  class space    used 937K, capacity 1037K, committed 1152K, reserved 1048576K
}
Event: 1.683 GC heap before
{Heap before GC invocations=3 (full 0):
 PSYoungGen      total 71680K, used 70065K [0x00000000e0000000, 0x00000000e4b00000, 0x0000000100000000)
  eden space 66560K, 100% used [0x00000000e0000000,0x00000000e4100000,0x00000000e4100000)
  from space 5120K, 68% used [0x00000000e4600000,0x00000000e496c5f8,0x00000000e4b00000)
  to   space 5120K, 0% used [0x00000000e4100000,0x00000000e4100000,0x00000000e4600000)
 ParOldGen       total 87552K, used 24K [0x00000000a0000000, 0x00000000a5580000, 0x00000000e0000000)
  object space 87552K, 0% used [0x00000000a0000000,0x00000000a0006000,0x00000000a5580000)
 Metaspace       used 14126K, capacity 14536K, committed 14720K, reserved 1062912K
  class space    used 1947K, capacity 2078K, committed 2176K, reserved 1048576K
Event: 1.702 GC heap after
Heap after GC invocations=3 (full 0):
 PSYoungGen      total 71680K, used 5088K [0x00000000e0000000, 0x00000000e4b00000, 0x0000000100000000)
  eden space 66560K, 0% used [0x00000000e0000000,0x00000000e0000000,0x00000000e4100000)
  from space 5120K, 99% used [0x00000000e4100000,0x00000000e45f8040,0x00000000e4600000)
  to   space 5120K, 0% used [0x00000000e4600000,0x00000000e4600000,0x00000000e4b00000)
 ParOldGen       total 87552K, used 4115K [0x00000000a0000000, 0x00000000a5580000, 0x00000000e0000000)
  object space 87552K, 4% used [0x00000000a0000000,0x00000000a0404d50,0x00000000a5580000)
 Metaspace       used 14126K, capacity 14536K, committed 14720K, reserved 1062912K
  class space    used 1947K, capacity 2078K, committed 2176K, reserved 1048576K
}

Deoptimization events (10 events):
Event: 1.382 Thread 0x000000001b615800 Uncommon trap: reason=bimorphic action=maybe_recompile pc=0x0000000002d67c7c method=java.util.HashMap.putVal(ILjava/lang/Object;Ljava/lang/Object;ZZ)Ljava/lang/Object; @ 253
Event: 1.382 Thread 0x000000001b615800 Uncommon trap: reason=bimorphic action=maybe_recompile pc=0x0000000002d67c7c method=java.util.HashMap.putVal(ILjava/lang/Object;Ljava/lang/Object;ZZ)Ljava/lang/Object; @ 253
Event: 1.382 Thread 0x000000001b615800 Uncommon trap: reason=bimorphic action=maybe_recompile pc=0x0000000002d67c7c method=java.util.HashMap.putVal(ILjava/lang/Object;Ljava/lang/Object;ZZ)Ljava/lang/Object; @ 253
Event: 1.382 Thread 0x000000001b615800 Uncommon trap: reason=bimorphic action=maybe_recompile pc=0x0000000002d67c7c method=java.util.HashMap.putVal(ILjava/lang/Object;Ljava/lang/Object;ZZ)Ljava/lang/Object; @ 253
Event: 1.741 Thread 0x000000001b615800 Uncommon trap: reason=class_check action=maybe_recompile pc=0x0000000002e361c4 method=java.util.regex.Matcher.match(II)Z @ 86
Event: 1.759 Thread 0x000000001b615800 Uncommon trap: reason=class_check action=maybe_recompile pc=0x0000000002e361c4 method=java.util.regex.Matcher.match(II)Z @ 86
Event: 1.760 Thread 0x000000001b615800 Uncommon trap: reason=class_check action=maybe_recompile pc=0x0000000002e361c4 method=java.util.regex.Matcher.match(II)Z @ 86
Event: 1.760 Thread 0x000000001b615800 Uncommon trap: reason=class_check action=maybe_recompile pc=0x0000000002c9ed1c method=java.util.regex.Matcher.match(II)Z @ 86
Event: 1.813 Thread 0x000000001b615800 Uncommon trap: reason=unstable_if action=reinterpret pc=0x0000000002e17d4c method=java.io.File.getName()Ljava/lang/String; @ 16
Event: 1.813 Thread 0x000000001b615800 Uncommon trap: reason=unstable_if action=reinterpret pc=0x0000000002e11a1c method=java.lang.String.substring(I)Ljava/lang/String; @ 35

Classes redefined (0 events):
No events

Internal exceptions (10 events):
Event: 1.352 Thread 0x000000001b5d5800 Exception <a 'java/lang/NoSuchMethodError': <clinit>> (0x00000000e2285398) thrown at [C:\src\AOSP-openjdk-git\hotspot\src\share\vm\prims\jni.cpp, line 1615]
Event: 1.353 Thread 0x000000001b5d5800 Exception <a 'java/lang/NoSuchMethodError': <clinit>> (0x00000000e229e990) thrown at [C:\src\AOSP-openjdk-git\hotspot\src\share\vm\prims\jni.cpp, line 1615]
Event: 1.359 Thread 0x000000001b5d5800 Exception <a 'java/lang/NoSuchMethodError': <clinit>> (0x00000000e23060c8) thrown at [C:\src\AOSP-openjdk-git\hotspot\src\share\vm\prims\jni.cpp, line 1615]
Event: 1.363 Thread 0x000000001b5d5800 Exception <a 'java/lang/NoSuchMethodError': <clinit>> (0x00000000e2340f98) thrown at [C:\src\AOSP-openjdk-git\hotspot\src\share\vm\prims\jni.cpp, line 1615]
Event: 1.366 Thread 0x000000001b5d5800 Exception <a 'java/lang/NoSuchMethodError': <clinit>> (0x00000000e23769a0) thrown at [C:\src\AOSP-openjdk-git\hotspot\src\share\vm\prims\jni.cpp, line 1615]
Event: 1.603 Thread 0x000000001b615800 Exception <a 'java/lang/NoSuchMethodError': java.lang.Object.lambda$static$0(Lorg/gradle/internal/state/ModelObject;)Ljava/lang/String;> (0x00000000e385f520) thrown at [C:\src\AOSP-openjdk-git\hotspot\src\share\vm\interpreter\linkResolver.cpp, line 620]
Event: 1.860 Thread 0x000000001b615800 Exception <a 'java/lang/NoSuchMethodError': java.lang.Object.lambda$and$0(Ljava/util/function/Predicate;Ljava/lang/Object;)Z> (0x00000000e0cd9248) thrown at [C:\src\AOSP-openjdk-git\hotspot\src\share\vm\interpreter\linkResolver.cpp, line 620]
Event: 1.863 Thread 0x000000001b615800 Exception <a 'java/lang/IncompatibleClassChangeError': Found class java.lang.Object, but interface was expected> (0x00000000e0ce95d8) thrown at [C:\src\AOSP-openjdk-git\hotspot\src\share\vm\interpreter\linkResolver.cpp, line 653]
Event: 1.865 Thread 0x000000001b615800 Exception <a 'java/lang/NoSuchMethodError': java.lang.Object.lambda$or$2(Ljava/util/function/Predicate;Ljava/lang/Object;)Z> (0x00000000e0cee310) thrown at [C:\src\AOSP-openjdk-git\hotspot\src\share\vm\interpreter\linkResolver.cpp, line 620]
Event: 1.889 Thread 0x000000001b615800 Exception <a 'java/lang/NoSuchMethodError': java.lang.Object.lambda$comparing$77a9974f$1(Ljava/util/function/Function;Ljava/lang/Object;Ljava/lang/Object;)I> (0x00000000e108dcd0) thrown at [C:\src\AOSP-openjdk-git\hotspot\src\share\vm\interpreter\linkReso

Events (10 events):
Event: 2.003 loading class org/gradle/jvm/internal/services/PlatformJvmServices$LocalLibraryDependencyResolverFactory
Event: 2.003 loading class org/gradle/jvm/internal/services/PlatformJvmServices$LocalLibraryDependencyResolverFactory done
Event: 2.004 loading class org/gradle/jvm/toolchain/install/internal/JdkCacheDirectory
Event: 2.004 loading class org/gradle/jvm/toolchain/install/internal/JdkCacheDirectory done
Event: 2.004 loading class org/gradle/jvm/toolchain/internal/SharedJavaInstallationRegistry
Event: 2.004 loading class org/gradle/jvm/toolchain/internal/SharedJavaInstallationRegistry done
Event: 2.005 loading class org/gradle/jvm/toolchain/internal/AsdfInstallationSupplier
Event: 2.005 loading class org/gradle/jvm/toolchain/internal/AsdfInstallationSupplier done
Event: 2.005 loading class org/gradle/jvm/toolchain/internal/AutoDetectingInstallationSupplier
Event: 2.005 loading class org/gradle/jvm/toolchain/internal/AutoDetectingInstallationSupplier done


Dynamic libraries:
0x00007ff6deb90000 - 0x00007ff6debc1000 	C:\Program Files\Android\Android Studio\jre\bin\java.exe
0x00007ff885a20000 - 0x00007ff885c10000 	C:\WINDOWS\SYSTEM32\ntdll.dll
0x00007ff883ad0000 - 0x00007ff883b82000 	C:\WINDOWS\System32\KERNEL32.DLL
0x00007ff8834a0000 - 0x00007ff883745000 	C:\WINDOWS\System32\KERNELBASE.dll
0x00007ff884000000 - 0x00007ff8840a3000 	C:\WINDOWS\System32\ADVAPI32.dll
0x00007ff885940000 - 0x00007ff8859de000 	C:\WINDOWS\System32\msvcrt.dll
0x00007ff884b80000 - 0x00007ff884c17000 	C:\WINDOWS\System32\sechost.dll
0x00007ff883bb0000 - 0x00007ff883cd0000 	C:\WINDOWS\System32\RPCRT4.dll
0x00007ff8848a0000 - 0x00007ff884a34000 	C:\WINDOWS\System32\USER32.dll
0x00007ff883470000 - 0x00007ff883491000 	C:\WINDOWS\System32\win32u.dll
0x00007ff885910000 - 0x00007ff885936000 	C:\WINDOWS\System32\GDI32.dll
0x00007ff882a90000 - 0x00007ff882c26000 	C:\WINDOWS\System32\gdi32full.dll
0x00007ff8839a0000 - 0x00007ff883a3e000 	C:\WINDOWS\System32\msvcp_win.dll
0x00007ff882990000 - 0x00007ff882a8a000 	C:\WINDOWS\System32\ucrtbase.dll
0x00007ff86f090000 - 0x00007ff86f314000 	C:\WINDOWS\WinSxS\amd64_microsoft.windows.common-controls_6595b64144ccf1df_6.0.18362.1256_none_9e7e379be45e40e2\COMCTL32.dll
0x00007ff884c80000 - 0x00007ff884fb6000 	C:\WINDOWS\System32\combase.dll
0x00007ff883a40000 - 0x00007ff883ac1000 	C:\WINDOWS\System32\bcryptPrimitives.dll
0x00007ff884fc0000 - 0x00007ff884fee000 	C:\WINDOWS\System32\IMM32.DLL
0x000000005a740000 - 0x000000005a812000 	C:\Program Files\Android\Android Studio\jre\jre\bin\msvcr100.dll
0x000000005a880000 - 0x000000005b0cb000 	C:\Program Files\Android\Android Studio\jre\jre\bin\server\jvm.dll
0x00007ff8847a0000 - 0x00007ff8847a8000 	C:\WINDOWS\System32\PSAPI.DLL
0x00007ff86cb10000 - 0x00007ff86cb19000 	C:\WINDOWS\SYSTEM32\WSOCK32.dll
0x00007ff87c790000 - 0x00007ff87c7b4000 	C:\WINDOWS\SYSTEM32\WINMM.dll
0x00007ff880520000 - 0x00007ff88052a000 	C:\WINDOWS\SYSTEM32\VERSION.dll
0x00007ff884830000 - 0x00007ff88489f000 	C:\WINDOWS\System32\WS2_32.dll
0x00007ff87c590000 - 0x00007ff87c5bd000 	C:\WINDOWS\SYSTEM32\WINMMBASE.dll
0x00007ff8838a0000 - 0x00007ff8838ea000 	C:\WINDOWS\System32\cfgmgr32.dll
0x00007ff880480000 - 0x00007ff88048f000 	C:\Program Files\Android\Android Studio\jre\jre\bin\verify.dll
0x00007ff86f680000 - 0x00007ff86f6a9000 	C:\Program Files\Android\Android Studio\jre\jre\bin\java.dll
0x00007ff86e020000 - 0x00007ff86e036000 	C:\Program Files\Android\Android Studio\jre\jre\bin\zip.dll
0x00007ff885160000 - 0x00007ff885847000 	C:\WINDOWS\System32\SHELL32.dll
0x00007ff883d50000 - 0x00007ff883df9000 	C:\WINDOWS\System32\shcore.dll
0x00007ff882ce0000 - 0x00007ff883461000 	C:\WINDOWS\System32\windows.storage.dll
0x00007ff882940000 - 0x00007ff882963000 	C:\WINDOWS\System32\profapi.dll
0x00007ff8828f0000 - 0x00007ff88293a000 	C:\WINDOWS\System32\powrprof.dll
0x00007ff8828c0000 - 0x00007ff8828d0000 	C:\WINDOWS\System32\UMPDC.dll
0x00007ff884c20000 - 0x00007ff884c72000 	C:\WINDOWS\System32\shlwapi.dll
0x00007ff8828d0000 - 0x00007ff8828e1000 	C:\WINDOWS\System32\kernel.appcore.dll
0x00007ff882c60000 - 0x00007ff882c77000 	C:\WINDOWS\System32\cryptsp.dll
0x00007ff86e000000 - 0x00007ff86e01a000 	C:\Program Files\Android\Android Studio\jre\jre\bin\net.dll
0x00007ff882110000 - 0x00007ff882177000 	C:\WINDOWS\system32\mswsock.dll
0x00007ff86dfe0000 - 0x00007ff86dff3000 	C:\Program Files\Android\Android Studio\jre\jre\bin\nio.dll
0x00007ff870040000 - 0x00007ff870067000 	C:\Users\swdev14\.gradle\native\fdc75f09e3144964f2cf3f50f0aa648679c211496f362492102eb8c894070792\windows-amd64\native-platform.dll
0x00007ff851680000 - 0x00007ff851816000 	C:\Users\swdev14\.gradle\native\12488b8bf47d2d4c9fbf2f6322a914ad602e24e48041cd04a747c6da556b65c4\windows-amd64\native-platform-file-events.dll
0x00007ff875c50000 - 0x00007ff875c5d000 	C:\Program Files\Android\Android Studio\jre\jre\bin\management.dll
0x00007ff881c80000 - 0x00007ff881cb3000 	C:\WINDOWS\system32\rsaenh.dll
0x00007ff882c30000 - 0x00007ff882c56000 	C:\WINDOWS\System32\bcrypt.dll
0x00007ff8827e0000 - 0x00007ff882805000 	C:\WINDOWS\SYSTEM32\USERENV.dll
0x00007ff8822e0000 - 0x00007ff8822ec000 	C:\WINDOWS\SYSTEM32\CRYPTBASE.dll
0x00007ff881e20000 - 0x00007ff881e5a000 	C:\WINDOWS\SYSTEM32\IPHLPAPI.DLL
0x00007ff885850000 - 0x00007ff885858000 	C:\WINDOWS\System32\NSI.dll
0x00007ff87ef40000 - 0x00007ff87ef56000 	C:\WINDOWS\SYSTEM32\dhcpcsvc6.DLL
0x00007ff87eca0000 - 0x00007ff87ecbc000 	C:\WINDOWS\SYSTEM32\dhcpcsvc.DLL
0x00007ff881e60000 - 0x00007ff881f2b000 	C:\WINDOWS\SYSTEM32\DNSAPI.dll
0x00007ff87f790000 - 0x00007ff87f79b000 	C:\WINDOWS\SYSTEM32\WINNSI.DLL

VM Arguments:
jvm_args: -Xmx1536m -Dfile.encoding=windows-1252 -Duser.country=IN -Duser.language=en -Duser.variant 
java_command: org.gradle.launcher.daemon.bootstrap.GradleDaemon 6.7.1
java_class_path (initial): C:\Users\swdev14\.gradle\wrapper\dists\gradle-6.7.1-bin\bwlcbys1h7rz3272sye1xwiv6\gradle-6.7.1\lib\gradle-launcher-6.7.1.jar
Launcher Type: SUN_STANDARD

Environment Variables:
PATH=C:\WINDOWS\system32;C:\WINDOWS;C:\WINDOWS\System32\Wbem;C:\WINDOWS\System32\WindowsPowerShell\v1.0\;C:\Program Files\EmEditor;C:\WINDOWS\System32\OpenSSH\;C:\Users\swdev14\AppData\Local\Microsoft\WindowsApps;
USERNAME=swdev14
OS=Windows_NT
PROCESSOR_IDENTIFIER=Intel64 Family 6 Model 142 Stepping 10, GenuineIntel



---------------  S Y S T E M  ---------------

OS: Windows 10.0 , 64 bit Build 18362 (10.0.18362.1110)

CPU:total 8 (initial active 8) (4 cores per cpu, 2 threads per core) family 6 model 142 stepping 10, cmov, cx8, fxsr, mmx, sse, sse2, sse3, ssse3, sse4.1, sse4.2, popcnt, avx, avx2, aes, clmul, erms, 3dnowpref, lzcnt, ht, tsc, tscinvbit, bmi1, bmi2, adx

Memory: 4k page, physical 8283900k(395504k free), swap 21980932k(5228k free)

vm_info: OpenJDK 64-Bit Server VM (25.242-b01) for windows-amd64 JRE (1.8.0_242-release-1644-b01), built by "builder" with MS VC++ 10.0 (VS2010)

time: Thu Feb 18 11:15:46 2021
timezone: India Standard Time
elapsed time: 2 seconds (0d 0h 0m 2s)

